<?xml version="1.0" encoding="UTF-8"?>
<testng-results ignored="0" total="1" passed="1" failed="0" skipped="0">
  <reporter-output>
  </reporter-output>
  <suite started-at="2022-02-16T10:41:08 IST" name="runnerFiles.runLoginTest" finished-at="2022-02-16T10:41:15 IST" duration-ms="6658">
    <groups>
      <group name="cucumber">
        <method signature="AbstractTestNGCucumberTests.runScenario(io.cucumber.testng.PickleWrapper,io.cucumber.testng.FeatureWrapper)[pri:0, instance:runnerFiles.runLoginTest@192c3f1e]" name="runScenario" class="io.cucumber.testng.AbstractTestNGCucumberTests"/>
      </group> <!-- cucumber -->
    </groups>
    <test started-at="2022-02-16T10:41:08 IST" name="Command line test" finished-at="2022-02-16T10:41:15 IST" duration-ms="6658">
      <class name="runnerFiles.runLoginTest">
        <test-method is-config="true" signature="setUpClass(org.testng.ITestContext)[pri:0, instance:runnerFiles.runLoginTest@192c3f1e]" started-at="2022-02-16T10:41:08 IST" name="setUpClass" finished-at="2022-02-16T10:41:09 IST" duration-ms="701" status="PASS">
          <params>
            <param index="0">
              <value>
                <![CDATA[org.testng.TestRunner@3d8d17a3]]>
              </value>
            </param>
          </params>
          <reporter-output>
          </reporter-output>
        </test-method> <!-- setUpClass -->
        <test-method signature="runScenario(io.cucumber.testng.PickleWrapper,io.cucumber.testng.FeatureWrapper)[pri:0, instance:runnerFiles.runLoginTest@192c3f1e]" started-at="2022-02-16T10:41:09 IST" name="runScenario" description="Runs Cucumber Scenarios" data-provider="scenarios" finished-at="2022-02-16T10:41:15 IST" duration-ms="5663" status="PASS">
          <params>
            <param index="0">
              <value>
                <![CDATA[""]]>
              </value>
            </param>
            <param index="1">
              <value>
                <![CDATA["Optional.empty"]]>
              </value>
            </param>
          </params>
          <reporter-output>
          </reporter-output>
        </test-method> <!-- runScenario -->
        <test-method is-config="true" signature="tearDownClass()[pri:0, instance:runnerFiles.runLoginTest@192c3f1e]" started-at="2022-02-16T10:41:15 IST" name="tearDownClass" finished-at="2022-02-16T10:41:15 IST" duration-ms="259" status="PASS">
          <reporter-output>
          </reporter-output>
        </test-method> <!-- tearDownClass -->
      </class> <!-- runnerFiles.runLoginTest -->
    </test> <!-- Command line test -->
  </suite> <!-- runnerFiles.runLoginTest -->
</testng-results>
